::1 - GET / HTTP/1.1 304 - - 6.863 ms
::1 - GET / HTTP/1.1 304 - - 1.911 ms
::1 - GET / HTTP/1.1 304 - - 0.488 ms
::1 - GET / HTTP/1.1 304 - - 0.154 ms
::1 - GET / HTTP/1.1 304 - - 2.482 ms
::1 - GET / HTTP/1.1 200 4 - 7.395 ms
::1 - GET / HTTP/1.1 304 - - 1.033 ms
::1 - GET / HTTP/1.1 304 - - 1.087 ms
::1 - GET / HTTP/1.1 200 4 - 24.462 ms
::1 - GET /favicon.ico HTTP/1.1 200 4 - 1.033 ms
::1 - GET / HTTP/1.1 304 - - 1.538 ms
::1 - GET /favicon.ico HTTP/1.1 304 - - 0.539 ms
::1 - GET / HTTP/1.1 304 - - 0.171 ms
::1 - GET /favicon.ico HTTP/1.1 304 - - 0.204 ms
::1 - GET / HTTP/1.1 200 2 - 2.492 ms
::1 - GET /favicon.ico HTTP/1.1 200 2 - 0.439 ms
::1 - GET / HTTP/1.1 304 - - 2.461 ms
::1 - GET /favicon.ico HTTP/1.1 304 - - 0.493 ms
::1 - GET / HTTP/1.1 304 - - 0.449 ms
::1 - GET /favicon.ico HTTP/1.1 304 - - 0.137 ms
::1 - GET / HTTP/1.1 200 2 - 4.596 ms
::1 - GET / HTTP/1.1 304 - - 2.442 ms
::1 - GET /abc HTTP/1.1 200 2 - 0.926 ms
::1 - GET /abc HTTP/1.1 304 - - 0.213 ms
